0 info it worked if it ends with ok
1 verbose cli [ 'node', '/usr/local/bin/npm', 'publish', './' ]
2 info using npm@1.1.63
3 info using node@v0.8.12
4 verbose publish [ './' ]
5 verbose read json /Users/asm/code/epub-parser/package.json
6 verbose cache add [ './', null ]
7 silly cache add name=undefined spec="./" args=["./",null]
8 verbose parsed url { pathname: './', path: './', href: './' }
9 silly lockFile 0ee6c175- ./
10 verbose lock ./ /Users/asm/.npm/0ee6c175-.lock
11 verbose read json package.json
12 verbose tar pack [ '/var/folders/04/746b3cxx4h16j0lqsd6bgx400000gn/T/npm-39032/1352152513815-0.07819075416773558/tmp.tgz',
12 verbose tar pack   './' ]
13 verbose tarball /var/folders/04/746b3cxx4h16j0lqsd6bgx400000gn/T/npm-39032/1352152513815-0.07819075416773558/tmp.tgz
14 verbose folder ./
15 info prepublish epub-parser@0.1.1
16 silly lockFile d971abc5-3815-0-07819075416773558-tmp-tgz /var/folders/04/746b3cxx4h16j0lqsd6bgx400000gn/T/npm-39032/1352152513815-0.07819075416773558/tmp.tgz
17 verbose lock /var/folders/04/746b3cxx4h16j0lqsd6bgx400000gn/T/npm-39032/1352152513815-0.07819075416773558/tmp.tgz /Users/asm/.npm/d971abc5-3815-0-07819075416773558-tmp-tgz.lock
18 silly lockFile d971abc5-3815-0-07819075416773558-tmp-tgz /var/folders/04/746b3cxx4h16j0lqsd6bgx400000gn/T/npm-39032/1352152513815-0.07819075416773558/tmp.tgz
19 verbose tar unpack /var/folders/04/746b3cxx4h16j0lqsd6bgx400000gn/T/npm-39032/1352152513815-0.07819075416773558/tmp.tgz
20 silly lockFile a9095303-3815-0-07819075416773558-package /var/folders/04/746b3cxx4h16j0lqsd6bgx400000gn/T/npm-39032/1352152513815-0.07819075416773558/package
21 verbose lock /var/folders/04/746b3cxx4h16j0lqsd6bgx400000gn/T/npm-39032/1352152513815-0.07819075416773558/package /Users/asm/.npm/a9095303-3815-0-07819075416773558-package.lock
22 silly gunzTarPerm modes [ '755', '644' ]
23 silly gunzTarPerm extractEntry package.json
24 silly gunzTarPerm extractEntry .npmignore
25 silly gunzTarPerm extractEntry README.md
26 silly gunzTarPerm extractEntry index.js
27 silly gunzTarPerm extractEntry example/parse.js
28 silly gunzTarPerm extractEntry lib/epub-parser.js
29 verbose read json /var/folders/04/746b3cxx4h16j0lqsd6bgx400000gn/T/npm-39032/1352152513815-0.07819075416773558/package/package.json
30 silly lockFile a9095303-3815-0-07819075416773558-package /var/folders/04/746b3cxx4h16j0lqsd6bgx400000gn/T/npm-39032/1352152513815-0.07819075416773558/package
31 verbose from cache /var/folders/04/746b3cxx4h16j0lqsd6bgx400000gn/T/npm-39032/1352152513815-0.07819075416773558/package/package.json
32 verbose tar pack [ '/Users/asm/.npm/epub-parser/0.1.1/package.tgz',
32 verbose tar pack   '/var/folders/04/746b3cxx4h16j0lqsd6bgx400000gn/T/npm-39032/1352152513815-0.07819075416773558/package' ]
33 verbose tarball /Users/asm/.npm/epub-parser/0.1.1/package.tgz
34 verbose folder /var/folders/04/746b3cxx4h16j0lqsd6bgx400000gn/T/npm-39032/1352152513815-0.07819075416773558/package
35 silly lockFile fc341910-pm-epub-parser-0-1-1-package-tgz /Users/asm/.npm/epub-parser/0.1.1/package.tgz
36 verbose lock /Users/asm/.npm/epub-parser/0.1.1/package.tgz /Users/asm/.npm/fc341910-pm-epub-parser-0-1-1-package-tgz.lock
37 silly lockFile fc341910-pm-epub-parser-0-1-1-package-tgz /Users/asm/.npm/epub-parser/0.1.1/package.tgz
38 silly lockFile 4b862599-sm-npm-epub-parser-0-1-1-package /Users/asm/.npm/epub-parser/0.1.1/package
39 verbose lock /Users/asm/.npm/epub-parser/0.1.1/package /Users/asm/.npm/4b862599-sm-npm-epub-parser-0-1-1-package.lock
40 silly lockFile 4b862599-sm-npm-epub-parser-0-1-1-package /Users/asm/.npm/epub-parser/0.1.1/package
41 verbose tar unpack /Users/asm/.npm/epub-parser/0.1.1/package.tgz
42 silly lockFile 4b862599-sm-npm-epub-parser-0-1-1-package /Users/asm/.npm/epub-parser/0.1.1/package
43 verbose lock /Users/asm/.npm/epub-parser/0.1.1/package /Users/asm/.npm/4b862599-sm-npm-epub-parser-0-1-1-package.lock
44 silly gunzTarPerm modes [ '755', '644' ]
45 silly gunzTarPerm extractEntry package.json
46 silly gunzTarPerm extractEntry .npmignore
47 silly gunzTarPerm extractEntry README.md
48 silly gunzTarPerm extractEntry index.js
49 silly gunzTarPerm extractEntry example/parse.js
50 silly gunzTarPerm extractEntry lib/epub-parser.js
51 verbose read json /Users/asm/.npm/epub-parser/0.1.1/package/package.json
52 silly lockFile 4b862599-sm-npm-epub-parser-0-1-1-package /Users/asm/.npm/epub-parser/0.1.1/package
53 silly shasum updated bytes 4515
54 info shasum a39d159c6c2ea29878abfb4849ea961f530d92de
54 info shasum /Users/asm/.npm/epub-parser/0.1.1/package.tgz
55 verbose from cache /Users/asm/.npm/epub-parser/0.1.1/package/package.json
56 verbose chmod /Users/asm/.npm/epub-parser/0.1.1/package.tgz 644
57 verbose chown /Users/asm/.npm/epub-parser/0.1.1/package.tgz [ 501, 20 ]
58 silly lockFile 0ee6c175- ./
59 silly publish { name: 'epub-parser',
59 silly publish   version: '0.1.1',
59 silly publish   description: 'Epub parser',
59 silly publish   keywords: [ 'epub' ],
59 silly publish   homepage: 'https://github.com/Vaporbook/epub-parser',
59 silly publish   bugs: { email: 'aaron@readsocialapi.com' },
59 silly publish   author:
59 silly publish    { name: 'Aaron Miller',
59 silly publish      email: 'aaron@readsocialapi.com',
59 silly publish      url: 'http://twitter.com/vaporbook' },
59 silly publish   dependencies: { 'adm-zip': '>=0.0.1', xml2js: '>=0.0.1' },
59 silly publish   devDependencies: { vows: '0.5.x', 'api-easy': '0.3.2' },
59 silly publish   main: 'index.js',
59 silly publish   directories: { example: 'example' },
59 silly publish   scripts: { test: 'node example/parse.js' },
59 silly publish   repository:
59 silly publish    { type: 'git',
59 silly publish      url: 'git://github.com/Vaporbook/epub-parser.git' },
59 silly publish   license: 'BSD',
59 silly publish   readme: 'epub-parser\n===========\n\n# What It Does\n\nEpub-parser is a simple way to make working with epub files more programmer- and web- friendly by converting its data structures to JSON and providing some simplified structures for convenient access to that data.\n\nSpecifically, it:\n\n* takes a lot of essential data from any valid Epub file and makes it available in an "easy" JSON namespace\n* converts the rest of an Epub\'s metadata to JSON structures, and makes that available via a "raw" namespace\n* takes care of a lot of dirty work in determining the primary ID of a file, the location of the NCX file\n* builds some boilerplate HTML you can use in your web app to display a user-friendly version of NCX data\n\n# Requirements\n\nThis depends on the xml2js and adm-zip modules.\nEyes is also required but you can use console instead if you want.\n\n# Installing\n\nAs of right now, there is no package installer. Drop the contents of the project into a directory called epub-parser, in your own module/project\'s node_modules directory. Then type "npm install" to install dependencies.\n\n# Usage\n\nSee the example directory for a sample of how to use this module.\n\nIn a nutshell though, it\'s as simple as this:\n\n```javascript\n\nvar epubParser = require(\'epub-parser\');\n\nepubParser.open(epubFullPath, function (err, epubData) {\n\n\tif(err) return console.log(err);\n\tconsole.log(epubData.easy);\n\tconsole.log(epubData.raw.json.ncx);\n\n});\n\n```\n\n# Data structure\n\nUse the example with a valid epub file to see how epub-parser builds its data structure. The eyes module will help you inspect it at all levels in a clean way (it\'s currently a dependency).\n\nHere\'s an example of the "easy" namespace using a sample file from Jellybooks:\n\n```javascript\n\n{\n    navMapHTML: \'<ul><li><a href="safe_house_cover.html">Cover</a></li>\\n<li><a href="safe_house_booktitlepage.html">Title Page</a></li>\\n<li><a href="safe_house_dedication.html">Dedication</a></li>\\n<li><a href="safe_house_toc.html">Table of Contents</a></li>\\n<li><a href="safe_house_aboutthisbook.html">A Note on the Isle of Man</a></li>\\n<li><a href="safe_house_chapter_01.html">I don’t remember much . . .</a></li>\\n<li><a href="safe_house_part_01.html">Part One</a><ul><li><a href="safe_house_chapter_02.html">Chapter One</a></li>\\n<li><a href="safe_house_chapter_03.html">Chapter Two</a></li>\\n<li><a href="safe_house_chapter_04.html">Chapter Three</a></li>\\n<li><a href="safe_house_chapter_05.html">Chapter Four</a></li>\\n<li><a href="safe_house_chapter_06.html">Chapter Five</a></li>\\n</ul>\\n</li>\\n<li><a href="jellybooks.html">Jellybooks sweet page</a></li>\\n</ul>\\n\',\n    primaryID: {\n        name: \'BookId\',\n        scheme: \'ISBN\',\n        value: \'safe_house\'\n    }\n}\n\n\n```\n\nHere\'s another example showing how the NCX data structure is mapped:\n\n\n```javascript\n\n{\n    docTitle: [\n        {\n            text: [ \'Safe House\' ]\n        }\n    ],\n    docAuthor: [\n        {\n            text: [ \'Ewan, Chris\' ]\n        }\n    ],\n    $: { xmlns: \'http://www.daisy.org/z3986/2005/ncx/\', version: \'2005-1\' },\n    navMap: [\n        {\n            navPoint: [\n                {\n                    content: [\n                        {\n                            $: { src: \'safe_house_cover.html\' }\n                        }\n                    ],\n                    navLabel: [\n                        {\n                            text: [ \'Cover\' ]\n                        }\n                    ],\n                    $: {\n                        class: \'chapter\',\n                        playOrder: \'1\',\n                        id: \'navPoint-1\'\n                    }\n                },\n                {\n                    content: [\n                        {\n                            $: { src: \'safe_house_booktitlepage.html\' }\n                        }\n                    ],\n                    navLabel: [\n                        {\n                            text: [ \'Title Page\' ]\n                        }\n                    ],\n                    $: {\n                        class: \'chapter\',\n                        playOrder: \'2\',\n                        id: \'navPoint-2\'\n                    }\n                },\n                {\n                    content: [\n                        {\n                            $: { src: \'safe_house_dedication.html\' }\n                        }\n                    ],\n                    navLabel: [\n                        {\n                            text: [ \'Dedication\' ]\n                        }\n                    ],\n                    $: {\n                        class: \'chapter\',\n                        playOrder: \'3\',\n                        id: \'navPoint-3\'\n                    }\n                },\n                {\n                    content: [\n                        {\n                            $: { src: \'safe_house_toc.html\' }\n                        }\n                    ],\n                    navLabel: [\n                        {\n                            text: [ \'Table of Contents\' ]\n                        }\n                    ],\n                    $: {\n                        class: \'chapter\',\n                        playOrder: \'4\',\n                        id: \'navPoint-4\'\n                    }\n                },\n                {\n                    content: [\n                        {\n                            $: { src: \'safe_house_aboutthisbook.html\' }\n                        }\n                    ],\n                    navLabel: [\n                        {\n                            text: [ \'A Note on the Isle of Man\' ]\n                        }\n                    ],\n                    $: {\n                        class: \'chapter\',\n                        playOrder: \'5\',\n                        id: \'navPoint-5\'\n                    }\n                },\n                {\n                    content: [\n                        {\n                            $: { src: \'safe_house_chapter_01.html\' }\n                        }\n                    ],\n                    navLabel: [\n                        {\n                            text: [ \'I don’t remember much . . .\' ]\n                        }\n                    ],\n                    $: {\n                        class: \'chapter\',\n                        playOrder: \'6\',\n                        id: \'navPoint-6\'\n                    }\n                },\n                {\n                    content: [\n                        {\n                            $: { src: \'safe_house_part_01.html\' }\n                        }\n                    ],\n                    navLabel: [\n                        {\n                            text: [ \'Part One\' ]\n                        }\n                    ],\n                    $: {\n                        class: \'chapter\',\n                        playOrder: \'7\',\n                        id: \'navPoint-7\'\n                    },\n                    navPoint: [\n                        {\n                            content: [\n                                {\n                                    $: { src: \'safe_house_chapter_02.html\' }\n                                }\n                            ],\n                            navLabel: [\n                                {\n                                    text: [ \'Chapter One\' ]\n                                }\n                            ],\n                            $: {\n                                class: \'chapter\',\n                                playOrder: \'8\',\n                                id: \'navPoint-8\'\n                            }\n                        },\n                        {\n                            content: [\n                                {\n                                    $: { src: \'safe_house_chapter_03.html\' }\n                                }\n                            ],\n                            navLabel: [\n                                {\n                                    text: [ \'Chapter Two\' ]\n                                }\n                            ],\n                            $: {\n                                class: \'chapter\',\n                                playOrder: \'9\',\n                                id: \'navPoint-9\'\n                            }\n                        },\n                        {\n                            content: [\n                                {\n                                    $: { src: \'safe_house_chapter_04.html\' }\n                                }\n                            ],\n                            navLabel: [\n                                {\n                                    text: [ \'Chapter Three\' ]\n                                }\n                            ],\n                            $: {\n                                class: \'chapter\',\n                                playOrder: \'10\',\n                                id: \'navPoint-10\'\n                            }\n                        },\n                        {\n                            content: [\n                                {\n                                    $: { src: \'safe_house_chapter_05.html\' }\n                                }\n                            ],\n                            navLabel: [\n                                {\n                                    text: [ \'Chapter Four\' ]\n                                }\n                            ],\n                            $: {\n                                class: \'chapter\',\n                                playOrder: \'11\',\n                                id: \'navPoint-11\'\n                            }\n                        },\n                        {\n                            content: [\n                                {\n                                    $: { src: \'safe_house_chapter_06.html\' }\n                                }\n                            ],\n                            navLabel: [\n                                {\n                                    text: [ \'Chapter Five\' ]\n                                }\n                            ],\n                            $: {\n                                class: \'chapter\',\n                                playOrder: \'12\',\n                                id: \'navPoint-12\'\n                            }\n                        }\n                    ]\n                },\n                {\n                    content: [\n                        {\n                            $: { src: \'jellybooks.html\' }\n                        }\n                    ],\n                    navLabel: [\n                        {\n                            text: [ \'Jellybooks sweet page\' ]\n                        }\n                    ],\n                    $: {\n                        class: \'chapter\',\n                        playOrder: \'13\',\n                        id: \'navPoint-13\'\n                    }\n                }\n            ]\n        }\n    ],\n    head: [\n        {\n            meta: [\n                {\n                    $: { name: \'dtb:ISBN\', content: \'safe_house\' }\n                },\n                {\n                    $: { name: \'dtb:generator\', content: \'EPUBLib version 3.0\' }\n                },\n                {\n                    $: { name: \'dtb:depth\', content: \'2\' }\n                },\n                {\n                    $: { name: \'dtb:totalPageCount\', content: \'0\' }\n                },\n                {\n                    $: { name: \'dtb:maxPageNumber\', content: \'0\' }\n                }\n            ]\n        }\n    ]\n}\n\n\n```\n\n\n# Troubleshooting\n\nEpub-parser is non-validating. Therefore, it will be fairly tolerant as long as the XML is well-formed and the metadata files can be found where they\'re expected to be found. However, you should use the IDPF\'s epubcheck validator to make sure you\'re only using valid epubs as input.\n\n# Bug reporting\n\nPlease report bugs to vaporbook on github. Your help is appreciated. Also, subscribe to this repo, as it will be used in several projects I\'m working on, and I hope to make frequent fixes and updates.\n\n',
59 silly publish   _id: 'epub-parser@0.1.1',
59 silly publish   dist: { shasum: 'a39d159c6c2ea29878abfb4849ea961f530d92de' } }
60 verbose url raw epub-parser
61 verbose url resolving [ 'https://registry.npmjs.org/', './epub-parser' ]
62 verbose url resolved https://registry.npmjs.org/epub-parser
63 info trying registry request attempt 1 at 16:55:13
64 http PUT https://registry.npmjs.org/epub-parser
65 http 409 https://registry.npmjs.org/epub-parser
66 verbose url raw epub-parser
67 verbose url resolving [ 'https://registry.npmjs.org/', './epub-parser' ]
68 verbose url resolved https://registry.npmjs.org/epub-parser
69 info trying registry request attempt 1 at 16:55:15
70 http GET https://registry.npmjs.org/epub-parser
71 http 200 https://registry.npmjs.org/epub-parser
72 error publish fail Cannot publish over existing version.
72 error publish fail Bump the 'version' field, set the --force flag, or
72 error publish fail     npm unpublish 'epub-parser@0.1.1'
72 error publish fail and try again
73 error System Darwin 11.4.2
74 error command "node" "/usr/local/bin/npm" "publish" "./"
75 error cwd /Users/asm/code/epub-parser
76 error node -v v0.8.12
77 error npm -v 1.1.63
78 error code EPUBLISHCONFLICT
79 verbose exit [ 1, true ]
